<?xml version="1.0" encoding="UTF-8"?>
<testng-results ignored="0" total="1" passed="1" failed="0" skipped="0">
  <reporter-output>
  </reporter-output>
  <suite started-at="2023-08-08T17:13:37 PDT" name="Default suite" finished-at="2023-08-08T17:13:39 PDT" duration-ms="2560">
    <groups>
    </groups>
    <test started-at="2023-08-08T17:13:37 PDT" name="Default test" finished-at="2023-08-08T17:13:39 PDT" duration-ms="2560">
      <class name="tests.LoginTest">
        <test-method is-config="true" signature="setup()[pri:0, instance:tests.LoginTest@441772e]" started-at="2023-08-08T17:13:37 PDT" name="setup" finished-at="2023-08-08T17:13:39 PDT" duration-ms="2381" status="PASS">
          <reporter-output>
          </reporter-output>
        </test-method> <!-- setup -->
        <test-method signature="login()[pri:0, instance:tests.LoginTest@441772e]" started-at="2023-08-08T17:13:39 PDT" name="login" finished-at="2023-08-08T17:13:39 PDT" duration-ms="163" status="PASS">
          <reporter-output>
          </reporter-output>
        </test-method> <!-- login -->
      </class> <!-- tests.LoginTest -->
    </test> <!-- Default test -->
  </suite> <!-- Default suite -->
</testng-results>
